0 info it worked if it ends with ok
1 verbose cli [ '/usr/bin/nodejs', '/usr/bin/npm', 'publish' ]
2 info using npm@3.10.10
3 info using node@v6.9.5
4 verbose publish [ '.' ]
5 silly cache add args [ '.', null ]
6 verbose cache add spec .
7 silly cache add parsed spec Result {
7 silly cache add   raw: '.',
7 silly cache add   scope: null,
7 silly cache add   escapedName: null,
7 silly cache add   name: null,
7 silly cache add   rawSpec: '.',
7 silly cache add   spec: '/home/luishendrix92/Documentos/Github/utilboxjs',
7 silly cache add   type: 'directory' }
8 verbose addLocalDirectory /home/luishendrix92/.npm/utilboxjs/0.0.1/package.tgz not in flight; packing
9 verbose correctMkdir /home/luishendrix92/.npm correctMkdir not in flight; initializing
10 info lifecycle utilboxjs@0.0.1~prepublish: utilboxjs@0.0.1
11 silly lifecycle utilboxjs@0.0.1~prepublish: no script for prepublish, continuing
12 verbose tar pack [ '/home/luishendrix92/.npm/utilboxjs/0.0.1/package.tgz',
12 verbose tar pack   '/home/luishendrix92/Documentos/Github/utilboxjs' ]
13 verbose tarball /home/luishendrix92/.npm/utilboxjs/0.0.1/package.tgz
14 verbose folder /home/luishendrix92/Documentos/Github/utilboxjs
15 verbose addLocalTarball adding from inside cache /home/luishendrix92/.npm/utilboxjs/0.0.1/package.tgz
16 verbose correctMkdir /home/luishendrix92/.npm correctMkdir not in flight; initializing
17 silly cache afterAdd utilboxjs@0.0.1
18 verbose afterAdd /home/luishendrix92/.npm/utilboxjs/0.0.1/package/package.json not in flight; writing
19 verbose correctMkdir /home/luishendrix92/.npm correctMkdir not in flight; initializing
20 verbose afterAdd /home/luishendrix92/.npm/utilboxjs/0.0.1/package/package.json written
21 silly publish { name: 'utilboxjs',
21 silly publish   version: '0.0.1',
21 silly publish   description: 'Yet another helper function library with a complete set of utilities and data structures.',
21 silly publish   main: 'index.js',
21 silly publish   scripts: { test: 'jest' },
21 silly publish   repository:
21 silly publish    { type: 'git',
21 silly publish      url: 'git+https://github.com/luishendrix92/utilboxjs.git' },
21 silly publish   keywords:
21 silly publish    [ 'helpers',
21 silly publish      'utilities',
21 silly publish      'module',
21 silly publish      'struct',
21 silly publish      'extensions',
21 silly publish      'functions' ],
21 silly publish   engines: { node: '>=4.0.0' },
21 silly publish   author:
21 silly publish    { name: 'Luis Felipe López Garay',
21 silly publish      email: 'hello@codetuts.tech',
21 silly publish      url: 'https://codetuts.tech' },
21 silly publish   license: 'MIT',
21 silly publish   bugs: { url: 'https://github.com/luishendrix92/utilboxjs/issues' },
21 silly publish   homepage: 'https://github.com/luishendrix92/utilboxjs#readme',
21 silly publish   devDependencies:
21 silly publish    { 'babel-cli': '^6.18.0',
21 silly publish      'babel-eslint': '^7.1.1',
21 silly publish      'babel-preset-es2015': '^6.18.0',
21 silly publish      'babel-preset-stage-0': '^6.16.0',
21 silly publish      eslint: '^3.11.1',
21 silly publish      gulp: '^3.9.1',
21 silly publish      'gulp-babel': '^6.1.2',
21 silly publish      'gulp-rename': '^1.2.2',
21 silly publish      'gulp-streamify': '^1.0.2',
21 silly publish      'gulp-uglify': '^2.0.0',
21 silly publish      jest: '^18.1.0',
21 silly publish      'jest-cli': '^18.1.0',
21 silly publish      streamify: '^0.2.6',
21 silly publish      var: '^0.2.0',
21 silly publish      'vinyl-source-stream': '^1.1.0' },
21 silly publish   readme: '# UtilBoxJS\n\nYet another helper function library with a complete set of utilities and data structures.\n\nTest',
21 silly publish   readmeFilename: 'README.md',
21 silly publish   gitHead: 'b7b562553b8fe6cb2e5faa690cd0f28fda35905f',
21 silly publish   _id: 'utilboxjs@0.0.1',
21 silly publish   _shasum: '0775fdedfef1e59a3d1456cd19ddd4d5b4940f1f',
21 silly publish   _from: '.' }
22 verbose getPublishConfig undefined
23 silly mapToRegistry name utilboxjs
24 silly mapToRegistry using default registry
25 silly mapToRegistry registry https://registry.npmjs.org/
26 silly mapToRegistry data Result {
26 silly mapToRegistry   raw: 'utilboxjs',
26 silly mapToRegistry   scope: null,
26 silly mapToRegistry   escapedName: 'utilboxjs',
26 silly mapToRegistry   name: 'utilboxjs',
26 silly mapToRegistry   rawSpec: '',
26 silly mapToRegistry   spec: 'latest',
26 silly mapToRegistry   type: 'tag' }
27 silly mapToRegistry uri https://registry.npmjs.org/utilboxjs
28 verbose publish registryBase https://registry.npmjs.org/
29 silly publish uploading /home/luishendrix92/.npm/utilboxjs/0.0.1/package.tgz
30 verbose request uri https://registry.npmjs.org/utilboxjs
31 verbose request sending authorization for write operation
32 info attempt registry request try #1 at 15:32:22
33 verbose request using bearer token for auth
34 verbose request id 0da1a233d67334d2
35 http request PUT https://registry.npmjs.org/utilboxjs
36 http 403 https://registry.npmjs.org/utilboxjs
37 verbose headers { 'content-type': 'application/json',
37 verbose headers   'cache-control': 'max-age=300',
37 verbose headers   'content-length': '95',
37 verbose headers   'accept-ranges': 'bytes',
37 verbose headers   date: 'Sat, 11 Feb 2017 23:32:26 GMT',
37 verbose headers   via: '1.1 varnish',
37 verbose headers   connection: 'keep-alive',
37 verbose headers   'x-served-by': 'cache-dfw1830-DFW',
37 verbose headers   'x-cache': 'MISS',
37 verbose headers   'x-cache-hits': '0',
37 verbose headers   'x-timer': 'S1486855946.269142,VS0,VE631',
37 verbose headers   vary: 'Accept-Encoding' }
38 verbose request invalidating /home/luishendrix92/.npm/registry.npmjs.org/utilboxjs on PUT
39 error publish Failed PUT 403
40 verbose stack Error: "You cannot publish over the previously published version 0.0.1." : utilboxjs
40 verbose stack     at makeError (/usr/lib/node_modules/npm/node_modules/npm-registry-client/lib/request.js:302:12)
40 verbose stack     at CachingRegistryClient.<anonymous> (/usr/lib/node_modules/npm/node_modules/npm-registry-client/lib/request.js:290:14)
40 verbose stack     at Request._callback (/usr/lib/node_modules/npm/node_modules/npm-registry-client/lib/request.js:210:14)
40 verbose stack     at Request.self.callback (/usr/lib/node_modules/npm/node_modules/request/request.js:187:22)
40 verbose stack     at emitTwo (events.js:106:13)
40 verbose stack     at Request.emit (events.js:191:7)
40 verbose stack     at Request.<anonymous> (/usr/lib/node_modules/npm/node_modules/request/request.js:1048:10)
40 verbose stack     at emitOne (events.js:96:13)
40 verbose stack     at Request.emit (events.js:188:7)
40 verbose stack     at IncomingMessage.<anonymous> (/usr/lib/node_modules/npm/node_modules/request/request.js:969:12)
41 verbose statusCode 403
42 verbose pkgid utilboxjs
43 verbose cwd /home/luishendrix92/Documentos/Github/utilboxjs
44 error Linux 4.4.0-62-generic
45 error argv "/usr/bin/nodejs" "/usr/bin/npm" "publish"
46 error node v6.9.5
47 error npm  v3.10.10
48 error code E403
49 error "You cannot publish over the previously published version 0.0.1." : utilboxjs
50 error If you need help, you may report this error at:
50 error     <https://github.com/npm/npm/issues>
51 verbose exit [ 1, true ]
